This is pdfTeX, Version 3.141592653-2.6-1.40.22 (MiKTeX 21.3) (preloaded format=pdflatex 2021.5.16)  20 DEC 2023 01:12
entering extended mode
**c:/Users/Public/Documents/UNCUYO/4-Cuarto_anio/2-Octavo_Semestre/1-Inteligencia_Artificial/3-Trabajos_Prácticos/fruit_recognition/informe/latex/main.tex
(c:/Users/Public/Documents/UNCUYO/4-Cuarto_anio/2-Octavo_Semestre/1-Inteligencia_Artificial/3-Trabajos_Prácticos/fruit_recognition/informe/latex/main.tex
LaTeX2e <2020-10-01> patch level 4
L3 programming layer <2021-02-18> (C:\Users\Juan\AppData\Local\Programs\MiKTeX\tex/latex/base\article.cls
Document Class: article 2020/04/10 v1.4m Standard LaTeX document class
(C:\Users\Juan\AppData\Local\Programs\MiKTeX\tex/latex/base\size12.clo
File: size12.clo 2020/04/10 v1.4m Standard LaTeX file (size option)
)
\c@part=\count179
\c@section=\count180
\c@subsection=\count181
\c@subsubsection=\count182
\c@paragraph=\count183
\c@subparagraph=\count184
\c@figure=\count185
\c@table=\count186
\abovecaptionskip=\skip47
\belowcaptionskip=\skip48
\bibindent=\dimen138
) (C:\Users\Juan\AppData\Local\Programs\MiKTeX\tex/latex/enumitem\enumitem.sty
Package: enumitem 2019/06/20 v3.9 Customized lists
\enitkv@toks@=\toks15
\labelindent=\skip49
\enit@outerparindent=\dimen139
\enit@toks=\toks16
\enit@inbox=\box47
\enit@count@id=\count187
\enitdp@description=\count188
) (C:\Users\Juan\AppData\Local\Programs\MiKTeX\tex/latex/base\inputenc.sty
Package: inputenc 2020/08/01 v1.3d Input encoding file
\inpenc@prehook=\toks17
\inpenc@posthook=\toks18
) (C:\Users\Juan\AppData\Local\Programs\MiKTeX\tex/latex/graphics\graphicx.sty
Package: graphicx 2020/09/09 v1.2b Enhanced LaTeX Graphics (DPC,SPQR)
 (C:\Users\Juan\AppData\Local\Programs\MiKTeX\tex/latex/graphics\keyval.sty
Package: keyval 2014/10/28 v1.15 key=value parser (DPC)
\KV@toks@=\toks19
) (C:\Users\Juan\AppData\Local\Programs\MiKTeX\tex/latex/graphics\graphics.sty
Package: graphics 2020/08/30 v1.4c Standard LaTeX Graphics (DPC,SPQR)
 (C:\Users\Juan\AppData\Local\Programs\MiKTeX\tex/latex/graphics\trig.sty
Package: trig 2016/01/03 v1.10 sin cos tan (DPC)
) (C:\Users\Juan\AppData\Local\Programs\MiKTeX\tex/latex/graphics-cfg\graphics.cfg
File: graphics.cfg 2016/06/04 v1.11 sample graphics configuration
)
Package graphics Info: Driver file: pdftex.def on input line 105.
 (C:\Users\Juan\AppData\Local\Programs\MiKTeX\tex/latex/graphics-def\pdftex.def
File: pdftex.def 2020/10/05 v1.2a Graphics/color driver for pdftex
))
\Gin@req@height=\dimen140
\Gin@req@width=\dimen141
) (C:\Users\Juan\AppData\Local\Programs\MiKTeX\tex/latex/fancyhdr\fancyhdr.sty
Package: fancyhdr 2022/11/09 v4.1 Extensive control of page headers and footers
\f@nch@headwidth=\skip50
\f@nch@O@elh=\skip51
\f@nch@O@erh=\skip52
\f@nch@O@olh=\skip53
\f@nch@O@orh=\skip54
\f@nch@O@elf=\skip55
\f@nch@O@erf=\skip56
\f@nch@O@olf=\skip57
\f@nch@O@orf=\skip58
) (C:\Users\Juan\AppData\Local\Programs\MiKTeX\tex/latex/geometry\geometry.sty
Package: geometry 2020/01/02 v5.9 Page Geometry
 (C:\Users\Juan\AppData\Local\Programs\MiKTeX\tex/generic/iftex\ifvtex.sty
Package: ifvtex 2019/10/25 v1.7 ifvtex legacy package. Use iftex instead.
 (C:\Users\Juan\AppData\Local\Programs\MiKTeX\tex/generic/iftex\iftex.sty
Package: iftex 2020/03/06 v1.0d TeX engine tests
))
\Gm@cnth=\count189
\Gm@cntv=\count190
\c@Gm@tempcnt=\count191
\Gm@bindingoffset=\dimen142
\Gm@wd@mp=\dimen143
\Gm@odd@mp=\dimen144
\Gm@even@mp=\dimen145
\Gm@layoutwidth=\dimen146
\Gm@layoutheight=\dimen147
\Gm@layouthoffset=\dimen148
\Gm@layoutvoffset=\dimen149
\Gm@dimlist=\toks20
 (C:\Users\Juan\AppData\Local\Programs\MiKTeX\tex/latex/geometry\geometry.cfg)) (C:\Users\Juan\AppData\Local\Programs\MiKTeX\tex/latex/biblatex\biblatex.sty
Package: biblatex 2020/12/31 v3.16 programmable bibliographies (PK/MW)
 (C:\Users\Juan\AppData\Local\Programs\MiKTeX\tex/generic/pdftexcmds\pdftexcmds.sty
Package: pdftexcmds 2020-06-27 v0.33 Utility functions of pdfTeX for LuaTeX (HO)
 (C:\Users\Juan\AppData\Local\Programs\MiKTeX\tex/generic/infwarerr\infwarerr.sty
Package: infwarerr 2019/12/03 v1.5 Providing info/warning/error messages (HO)
) (C:\Users\Juan\AppData\Local\Programs\MiKTeX\tex/generic/ltxcmds\ltxcmds.sty
Package: ltxcmds 2020-05-10 v1.25 LaTeX kernel commands for general use (HO)
)
Package pdftexcmds Info: \pdf@primitive is available.
Package pdftexcmds Info: \pdf@ifprimitive is available.
Package pdftexcmds Info: \pdfdraftmode found.
) (C:\Users\Juan\AppData\Local\Programs\MiKTeX\tex/latex/etoolbox\etoolbox.sty
Package: etoolbox 2020/10/05 v2.5k e-TeX tools for LaTeX (JAW)
\etb@tempcnta=\count192
) (C:\Users\Juan\AppData\Local\Programs\MiKTeX\tex/latex/kvoptions\kvoptions.sty
Package: kvoptions 2022-06-15 v3.15 Key value format for package options (HO)
 (C:\Users\Juan\AppData\Local\Programs\MiKTeX\tex/latex/kvsetkeys\kvsetkeys.sty
Package: kvsetkeys 2022-10-05 v1.19 Key value parser (HO)
)) (C:\Users\Juan\AppData\Local\Programs\MiKTeX\tex/latex/logreq\logreq.sty
Package: logreq 2010/08/04 v1.0 xml request logger
\lrq@indent=\count193
 (C:\Users\Juan\AppData\Local\Programs\MiKTeX\tex/latex/logreq\logreq.def
File: logreq.def 2010/08/04 v1.0 logreq spec v1.0
)) (C:\Users\Juan\AppData\Local\Programs\MiKTeX\tex/latex/base\ifthen.sty
Package: ifthen 2014/09/29 v1.1c Standard LaTeX ifthen package (DPC)
) (C:\Users\Juan\AppData\Local\Programs\MiKTeX\tex/latex/url\url.sty
\Urlmuskip=\muskip16
Package: url 2013/09/16  ver 3.4  Verb mode for urls, etc.
)
\c@tabx@nest=\count194
\c@listtotal=\count195
\c@listcount=\count196
\c@liststart=\count197
\c@liststop=\count198
\c@citecount=\count199
\c@citetotal=\count266
\c@multicitecount=\count267
\c@multicitetotal=\count268
\c@instcount=\count269
\c@maxnames=\count270
\c@minnames=\count271
\c@maxitems=\count272
\c@minitems=\count273
\c@citecounter=\count274
\c@maxcitecounter=\count275
\c@savedcitecounter=\count276
\c@uniquelist=\count277
\c@uniquename=\count278
\c@refsection=\count279
\c@refsegment=\count280
\c@maxextratitle=\count281
\c@maxextratitleyear=\count282
\c@maxextraname=\count283
\c@maxextradate=\count284
\c@maxextraalpha=\count285
\c@abbrvpenalty=\count286
\c@highnamepenalty=\count287
\c@lownamepenalty=\count288
\c@maxparens=\count289
\c@parenlevel=\count290
\blx@tempcnta=\count291
\blx@tempcntb=\count292
\blx@tempcntc=\count293
\blx@maxsection=\count294
\blx@maxsegment@0=\count295
\blx@notetype=\count296
\blx@parenlevel@text=\count297
\blx@parenlevel@foot=\count298
\blx@sectionciteorder@0=\count299
\blx@entrysetcounter=\count300
\blx@biblioinstance=\count301
\labelnumberwidth=\skip59
\labelalphawidth=\skip60
\biblabelsep=\skip61
\bibitemsep=\skip62
\bibnamesep=\skip63
\bibinitsep=\skip64
\bibparsep=\skip65
\bibhang=\skip66
\blx@bcfin=\read2
\blx@bcfout=\write3
\blx@langwohyphens=\language79
\c@mincomprange=\count302
\c@maxcomprange=\count303
\c@mincompwidth=\count304
Package biblatex Info: Trying to load biblatex default data model...
Package biblatex Info: ... file 'blx-dm.def' found.
 (C:\Users\Juan\AppData\Local\Programs\MiKTeX\tex/latex/biblatex\blx-dm.def
File: blx-dm.def 2020/12/31 v3.16 biblatex localization (PK/MW)
)
Package biblatex Info: Trying to load biblatex custom data model...
Package biblatex Info: ... file 'biblatex-dm.cfg' not found.
\c@afterword=\count305
\c@savedafterword=\count306
\c@annotator=\count307
\c@savedannotator=\count308
\c@author=\count309
\c@savedauthor=\count310
\c@bookauthor=\count311
\c@savedbookauthor=\count312
\c@commentator=\count313
\c@savedcommentator=\count314
\c@editor=\count315
\c@savededitor=\count316
\c@editora=\count317
\c@savededitora=\count318
\c@editorb=\count319
\c@savededitorb=\count320
\c@editorc=\count321
\c@savededitorc=\count322
\c@foreword=\count323
\c@savedforeword=\count324
\c@holder=\count325
\c@savedholder=\count326
\c@introduction=\count327
\c@savedintroduction=\count328
\c@namea=\count329
\c@savednamea=\count330
\c@nameb=\count331
\c@savednameb=\count332
\c@namec=\count333
\c@savednamec=\count334
\c@translator=\count335
\c@savedtranslator=\count336
\c@shortauthor=\count337
\c@savedshortauthor=\count338
\c@shorteditor=\count339
\c@savedshorteditor=\count340
\c@labelname=\count341
\c@savedlabelname=\count342
\c@institution=\count343
\c@savedinstitution=\count344
\c@lista=\count345
\c@savedlista=\count346
\c@listb=\count347
\c@savedlistb=\count348
\c@listc=\count349
\c@savedlistc=\count350
\c@listd=\count351
\c@savedlistd=\count352
\c@liste=\count353
\c@savedliste=\count354
\c@listf=\count355
\c@savedlistf=\count356
\c@location=\count357
\c@savedlocation=\count358
\c@organization=\count359
\c@savedorganization=\count360
\c@origlocation=\count361
\c@savedoriglocation=\count362
\c@origpublisher=\count363
\c@savedorigpublisher=\count364
\c@publisher=\count365
\c@savedpublisher=\count366
\c@language=\count367
\c@savedlanguage=\count368
\c@origlanguage=\count369
\c@savedoriglanguage=\count370
\c@pageref=\count371
\c@savedpageref=\count372
\shorthandwidth=\skip67
\shortjournalwidth=\skip68
\shortserieswidth=\skip69
\shorttitlewidth=\skip70
\shortauthorwidth=\skip71
\shorteditorwidth=\skip72
\locallabelnumberwidth=\skip73
\locallabelalphawidth=\skip74
\localshorthandwidth=\skip75
\localshortjournalwidth=\skip76
\localshortserieswidth=\skip77
\localshorttitlewidth=\skip78
\localshortauthorwidth=\skip79
\localshorteditorwidth=\skip80
Package biblatex Info: Trying to load compatibility code...
Package biblatex Info: ... file 'blx-compat.def' found.
 (C:\Users\Juan\AppData\Local\Programs\MiKTeX\tex/latex/biblatex\blx-compat.def
File: blx-compat.def 2020/12/31 v3.16 biblatex compatibility (PK/MW)
)
Package biblatex Info: Trying to load generic definitions...
Package biblatex Info: ... file 'biblatex.def' found.
 (C:\Users\Juan\AppData\Local\Programs\MiKTeX\tex/latex/biblatex\biblatex.def
File: biblatex.def 2020/12/31 v3.16 biblatex compatibility (PK/MW)
\c@textcitecount=\count373
\c@textcitetotal=\count374
\c@textcitemaxnames=\count375
\c@biburlbigbreakpenalty=\count376
\c@biburlbreakpenalty=\count377
\c@biburlnumpenalty=\count378
\c@biburlucpenalty=\count379
\c@biburllcpenalty=\count380
\biburlbigskip=\muskip17
\biburlnumskip=\muskip18
\biburlucskip=\muskip19
\biburllcskip=\muskip20
\c@smartand=\count381
)
Package biblatex Info: Trying to load bibliography style 'numeric'...
Package biblatex Info: ... file 'numeric.bbx' found.
 (C:\Users\Juan\AppData\Local\Programs\MiKTeX\tex/latex/biblatex/bbx\numeric.bbx
File: numeric.bbx 2020/12/31 v3.16 biblatex bibliography style (PK/MW)
Package biblatex Info: Trying to load bibliography style 'standard'...
Package biblatex Info: ... file 'standard.bbx' found.
 (C:\Users\Juan\AppData\Local\Programs\MiKTeX\tex/latex/biblatex/bbx\standard.bbx
File: standard.bbx 2020/12/31 v3.16 biblatex bibliography style (PK/MW)
\c@bbx:relatedcount=\count382
\c@bbx:relatedtotal=\count383
))
Package biblatex Info: Trying to load citation style 'numeric'...
Package biblatex Info: ... file 'numeric.cbx' found.
 (C:\Users\Juan\AppData\Local\Programs\MiKTeX\tex/latex/biblatex/cbx\numeric.cbx
File: numeric.cbx 2020/12/31 v3.16 biblatex citation style (PK/MW)
Package biblatex Info: Redefining '\cite'.
Package biblatex Info: Redefining '\parencite'.
Package biblatex Info: Redefining '\footcite'.
Package biblatex Info: Redefining '\footcitetext'.
Package biblatex Info: Redefining '\smartcite'.
Package biblatex Info: Redefining '\supercite'.
Package biblatex Info: Redefining '\textcite'.
Package biblatex Info: Redefining '\textcites'.
Package biblatex Info: Redefining '\cites'.
Package biblatex Info: Redefining '\parencites'.
Package biblatex Info: Redefining '\smartcites'.
)
Package biblatex Info: Trying to load configuration file...
Package biblatex Info: ... file 'biblatex.cfg' found.
 (C:\Users\Juan\AppData\Local\Programs\MiKTeX\tex/latex/biblatex\biblatex.cfg
File: biblatex.cfg 
))
\@quotelevel=\count384
\@quotereset=\count385
 (C:\Users\Juan\AppData\Local\Programs\MiKTeX\tex/latex/l3backend\l3backend-pdftex.def
File: l3backend-pdftex.def 2021-03-18 L3 backend support: PDF output (pdfTeX)
\l__color_backend_stack_int=\count386
\l__pdf_internal_box=\box48
) (main.aux)
\openout1 = `main.aux'.

LaTeX Font Info:    Checking defaults for OML/cmm/m/it on input line 26.
LaTeX Font Info:    ... okay on input line 26.
LaTeX Font Info:    Checking defaults for OMS/cmsy/m/n on input line 26.
LaTeX Font Info:    ... okay on input line 26.
LaTeX Font Info:    Checking defaults for OT1/cmr/m/n on input line 26.
LaTeX Font Info:    ... okay on input line 26.
LaTeX Font Info:    Checking defaults for T1/cmr/m/n on input line 26.
LaTeX Font Info:    ... okay on input line 26.
LaTeX Font Info:    Checking defaults for TS1/cmr/m/n on input line 26.
LaTeX Font Info:    ... okay on input line 26.
LaTeX Font Info:    Checking defaults for OMX/cmex/m/n on input line 26.
LaTeX Font Info:    ... okay on input line 26.
LaTeX Font Info:    Checking defaults for U/cmr/m/n on input line 26.
LaTeX Font Info:    ... okay on input line 26.
 (C:\Users\Juan\AppData\Local\Programs\MiKTeX\tex/context/base/mkii\supp-pdf.mkii
[Loading MPS to PDF converter (version 2006.09.02).]
\scratchcounter=\count387
\scratchdimen=\dimen150
\scratchbox=\box49
\nofMPsegments=\count388
\nofMParguments=\count389
\everyMPshowfont=\toks21
\MPscratchCnt=\count390
\MPscratchDim=\dimen151
\MPnumerator=\count391
\makeMPintoPDFobject=\count392
\everyMPtoPDFconversion=\toks22
) (C:\Users\Juan\AppData\Local\Programs\MiKTeX\tex/latex/epstopdf-pkg\epstopdf-base.sty
Package: epstopdf-base 2020-01-24 v2.11 Base part for package epstopdf
 (C:\Users\Juan\AppData\Local\Programs\MiKTeX\tex/latex/grfext\grfext.sty
Package: grfext 2019/12/03 v1.3 Manage graphics extensions (HO)
 (C:\Users\Juan\AppData\Local\Programs\MiKTeX\tex/generic/kvdefinekeys\kvdefinekeys.sty
Package: kvdefinekeys 2019-12-19 v1.6 Define keys (HO)
))
Package epstopdf-base Info: Redefining graphics rule for `.eps' on input line 485.
Package grfext Info: Graphics extension search list:
(grfext)             [.pdf,.png,.jpg,.mps,.jpeg,.jbig2,.jb2,.PDF,.PNG,.JPG,.JPEG,.JBIG2,.JB2,.eps]
(grfext)             \AppendGraphicsExtensions on input line 504.
 (C:\Users\Juan\AppData\Local\Programs\MiKTeX\tex/latex/00miktex\epstopdf-sys.cfg
File: epstopdf-sys.cfg 2021/03/18 v2.0 Configuration of epstopdf for MiKTeX
))
*geometry* driver: auto-detecting
*geometry* detected driver: pdftex
*geometry* verbose mode - [ preamble ] result:
* driver: pdftex
* paper: a4paper
* layout: <same size as paper>
* layoutoffset:(h,v)=(0.0pt,0.0pt)
* modes: 
* h-part:(L,W,R)=(71.13188pt, 455.24411pt, 71.13188pt)
* v-part:(T,H,B)=(85.35826pt, 674.33032pt, 85.35826pt)
* \paperwidth=597.50787pt
* \paperheight=845.04684pt
* \textwidth=455.24411pt
* \textheight=674.33032pt
* \oddsidemargin=-1.1381pt
* \evensidemargin=-1.1381pt
* \topmargin=-23.91173pt
* \headheight=30.0pt
* \headsep=25.0pt
* \topskip=12.0pt
* \footskip=30.0pt
* \marginparwidth=35.0pt
* \marginparsep=10.0pt
* \columnsep=10.0pt
* \skip\footins=10.8pt plus 4.0pt minus 2.0pt
* \hoffset=0.0pt
* \voffset=0.0pt
* \mag=1000
* \@twocolumnfalse
* \@twosidefalse
* \@mparswitchfalse
* \@reversemarginfalse
* (1in=72.27pt=25.4mm, 1cm=28.453pt)

Package biblatex Info: Trying to load language 'english'...
Package biblatex Info: ... file 'english.lbx' found.
(C:\Users\Juan\AppData\Local\Programs\MiKTeX\tex/latex/biblatex/lbx\english.lbx
File: english.lbx 2020/12/31 v3.16 biblatex localization (PK/MW)
)
Package biblatex Info: Input encoding 'utf8' detected.
Package biblatex Info: Automatic encoding selection.
(biblatex)             Assuming data encoding 'utf8'.
Package biblatex Info: Document encoding is UTF8 ....
 (C:\Users\Juan\AppData\Local\Programs\MiKTeX\tex/latex/l3kernel\expl3.sty
Package: expl3 2021-02-18 L3 programming layer (loader) 
)
Package biblatex Info: ... and expl3
(biblatex)             2021-02-18 L3 programming layer (loader) 
(biblatex)             is new enough (at least 2020/04/06),
(biblatex)             setting 'casechanger=expl3'.
 (C:\Users\Juan\AppData\Local\Programs\MiKTeX\tex/latex/biblatex\blx-case-expl3.sty (C:\Users\Juan\AppData\Local\Programs\MiKTeX\tex/latex/l3packages/xparse\xparse.sty (C:\Users\Juan\AppData\Local\Programs\MiKTeX\tex/latex/l3packages/xparse\xparse-2020-10-01.sty (C:\Users\Juan\AppData\Local\Programs\MiKTeX\tex/latex/l3packages/xparse\xparse-generic.tex)))
Package: blx-case-expl3 2020/12/31 v3.16 expl3 case changing code for biblatex
)
\openout3 = `main.bcf'.

Package biblatex Info: Trying to load bibliographic data...
Package biblatex Info: ... file 'main.bbl' found.
 (main.bbl

Package biblatex Warning: The following entry could not be found
(biblatex)                in the database:
(biblatex)                RusselNorvig2009
(biblatex)                Please verify the spelling and rerun
(biblatex)                LaTeX afterwards.

)
Package biblatex Info: Reference section=0 on input line 26.
Package biblatex Info: Reference segment=0 on input line 26.
LaTeX Font Info:    External font `cmex10' loaded for size
(Font)              <12> on input line 40.
LaTeX Font Info:    External font `cmex10' loaded for size
(Font)              <8> on input line 40.
LaTeX Font Info:    External font `cmex10' loaded for size
(Font)              <6> on input line 40.
<Imagenes//escudo.PNG, id=1, 487.06969pt x 84.315pt>
File: Imagenes//escudo.PNG Graphic file (type png)
<use Imagenes//escudo.PNG>
Package pdftex.def Info: Imagenes//escudo.PNG  used on input line 40.
(pdftex.def)             Requested size: 194.82442pt x 33.72539pt.
<Imagenes//año.PNG, id=3, 160.34906pt x 50.43843pt>
File: Imagenes//año.PNG Graphic file (type png)
<use Imagenes//año.PNG>
Package pdftex.def Info: Imagenes//año.PNG  used on input line 41.
(pdftex.def)             Requested size: 96.21017pt x 30.26328pt.
 [1

{C:/Users/Juan/AppData/Local/MiKTeX/pdftex/config/pdftex.map} <./Imagenes//escudo.PNG> <./Imagenes//año.PNG>] (main.toc)
\tf@toc=\write4
\openout4 = `main.toc'.

File: Imagenes//escudo.PNG Graphic file (type png)
<use Imagenes//escudo.PNG>
Package pdftex.def Info: Imagenes//escudo.PNG  used on input line 46.
(pdftex.def)             Requested size: 194.82442pt x 33.72539pt.


Package fancyhdr Warning: \headheight is too small (30.0pt): 
(fancyhdr)                Make it at least 38.07542pt, for example:
(fancyhdr)                \setlength{\headheight}{38.07542pt}.
(fancyhdr)                You might also make \topmargin smaller to compensate:
(fancyhdr)                \addtolength{\topmargin}{-8.07542pt}.

File: Imagenes//año.PNG Graphic file (type png)
<use Imagenes//año.PNG>
Package pdftex.def Info: Imagenes//año.PNG  used on input line 46.
(pdftex.def)             Requested size: 64.13847pt x 20.175pt.
[1]
File: Imagenes//escudo.PNG Graphic file (type png)
<use Imagenes//escudo.PNG>
Package pdftex.def Info: Imagenes//escudo.PNG  used on input line 60.
(pdftex.def)             Requested size: 194.82442pt x 33.72539pt.


Package fancyhdr Warning: \headheight is too small (30.0pt): 
(fancyhdr)                Make it at least 38.07542pt, for example:
(fancyhdr)                \setlength{\headheight}{38.07542pt}.
(fancyhdr)                You might also make \topmargin smaller to compensate:
(fancyhdr)                \addtolength{\topmargin}{-8.07542pt}.

File: Imagenes//año.PNG Graphic file (type png)
<use Imagenes//año.PNG>
Package pdftex.def Info: Imagenes//año.PNG  used on input line 60.
(pdftex.def)             Requested size: 64.13847pt x 20.175pt.
[2]
File: Imagenes//escudo.PNG Graphic file (type png)
<use Imagenes//escudo.PNG>
Package pdftex.def Info: Imagenes//escudo.PNG  used on input line 77.
(pdftex.def)             Requested size: 194.82442pt x 33.72539pt.


Package fancyhdr Warning: \headheight is too small (30.0pt): 
(fancyhdr)                Make it at least 38.07542pt, for example:
(fancyhdr)                \setlength{\headheight}{38.07542pt}.
(fancyhdr)                You might also make \topmargin smaller to compensate:
(fancyhdr)                \addtolength{\topmargin}{-8.07542pt}.

File: Imagenes//año.PNG Graphic file (type png)
<use Imagenes//año.PNG>
Package pdftex.def Info: Imagenes//año.PNG  used on input line 77.
(pdftex.def)             Requested size: 64.13847pt x 20.175pt.
[3]
File: Imagenes//escudo.PNG Graphic file (type png)
<use Imagenes//escudo.PNG>
Package pdftex.def Info: Imagenes//escudo.PNG  used on input line 86.
(pdftex.def)             Requested size: 194.82442pt x 33.72539pt.


Package fancyhdr Warning: \headheight is too small (30.0pt): 
(fancyhdr)                Make it at least 38.07542pt, for example:
(fancyhdr)                \setlength{\headheight}{38.07542pt}.
(fancyhdr)                You might also make \topmargin smaller to compensate:
(fancyhdr)                \addtolength{\topmargin}{-8.07542pt}.

File: Imagenes//año.PNG Graphic file (type png)
<use Imagenes//año.PNG>
Package pdftex.def Info: Imagenes//año.PNG  used on input line 86.
(pdftex.def)             Requested size: 64.13847pt x 20.175pt.
[4]
File: Imagenes//escudo.PNG Graphic file (type png)
<use Imagenes//escudo.PNG>
Package pdftex.def Info: Imagenes//escudo.PNG  used on input line 86.
(pdftex.def)             Requested size: 194.82442pt x 33.72539pt.


Package fancyhdr Warning: \headheight is too small (30.0pt): 
(fancyhdr)                Make it at least 38.07542pt, for example:
(fancyhdr)                \setlength{\headheight}{38.07542pt}.
(fancyhdr)                You might also make \topmargin smaller to compensate:
(fancyhdr)                \addtolength{\topmargin}{-8.07542pt}.

File: Imagenes//año.PNG Graphic file (type png)
<use Imagenes//año.PNG>
Package pdftex.def Info: Imagenes//año.PNG  used on input line 86.
(pdftex.def)             Requested size: 64.13847pt x 20.175pt.
[5]
Underfull \hbox (badness 1215) in paragraph at lines 95--96
[]\OT1/cmr/m/n/12 Exactitud en el
 []


Underfull \hbox (badness 10000) in paragraph at lines 95--96
\OT1/cmr/m/n/12 re-conocimiento
 []


Underfull \hbox (badness 10000) in paragraph at lines 95--96
\OT1/cmr/m/n/12 de las fru-tas
 []


Underfull \hbox (badness 8170) in paragraph at lines 95--96
\OT1/cmr/m/n/12 me-dida por el
 []


Underfull \hbox (badness 10000) in paragraph at lines 96--97
[]\OT1/cmr/m/n/12 Rapidez en la
 []


Underfull \hbox (badness 10000) in paragraph at lines 96--97
\OT1/cmr/m/n/12 re-spuesta del
 []


Underfull \hbox (badness 10000) in paragraph at lines 96--97
\OT1/cmr/m/n/12 agente me-dida
 []


Underfull \hbox (badness 1281) in paragraph at lines 96--97
\OT1/cmr/m/n/12 como el tiempo
 []


Underfull \hbox (badness 10000) in paragraph at lines 96--97
\OT1/cmr/m/n/12 en-tre que el
 []


Underfull \hbox (badness 4254) in paragraph at lines 96--97
\OT1/cmr/m/n/12 usuario ll-eva a
 []


Underfull \hbox (badness 1028) in paragraph at lines 96--97
\OT1/cmr/m/n/12 cabo una or-den
 []


Underfull \hbox (badness 10000) in paragraph at lines 97--98
[]\OT1/cmr/m/n/12 Tratamiento
 []


Underfull \hbox (badness 2903) in paragraph at lines 100--101
\OT1/cmr/m/n/12 es-tantes, el es-
 []


Underfull \hbox (badness 10000) in paragraph at lines 101--102
[]\OT1/cmr/m/n/12 El en-torno
 []


Underfull \hbox (badness 10000) in paragraph at lines 101--102
\OT1/cmr/m/n/12 en donde la
 []


Underfull \hbox (badness 10000) in paragraph at lines 101--102
\OT1/cmr/m/n/12 maquina se
 []


Underfull \hbox (badness 1728) in paragraph at lines 101--102
\OT1/cmr/m/n/12 ubica, su ruido
 []


Underfull \hbox (badness 4954) in paragraph at lines 101--102
\OT1/cmr/m/n/12 am-bi-en-tal y la
 []


Underfull \hbox (badness 1019) in paragraph at lines 102--103
[]\OT1/cmr/m/n/12 Los usuar-ios de
 []


Underfull \hbox (badness 10000) in paragraph at lines 105--106
[]\OT1/cmr/m/n/12 Elementos de
 []


Underfull \hbox (badness 2096) in paragraph at lines 105--106
\OT1/cmr/m/n/12 la camara para
 []


Underfull \hbox (badness 10000) in paragraph at lines 105--106
\OT1/cmr/m/n/12 de-splazarla y
 []


Underfull \hbox (badness 3668) in paragraph at lines 105--106
\OT1/cmr/m/n/12 tomar fo-tos en
 []


Underfull \hbox (badness 7595) in paragraph at lines 106--107
[]\OT1/cmr/m/n/12 Elementos para
 []


Underfull \hbox (badness 1292) in paragraph at lines 106--107
\OT1/cmr/m/n/12 las fru-tas, para
 []


Underfull \hbox (badness 5091) in paragraph at lines 106--107
\OT1/cmr/m/n/12 es-tantes y dis-
 []


Underfull \hbox (badness 10000) in paragraph at lines 110--111
[]\OT1/cmr/m/n/12 Microfono para
 []


Underfull \hbox (badness 10000) in paragraph at lines 111--112
[]\OT1/cmr/m/n/12 Camara para
 []


Underfull \hbox (badness 10000) in paragraph at lines 111--112
\OT1/cmr/m/n/12 cap-turar
 []


Underfull \hbox (badness 2005) in paragraph at lines 112--113
[]\OT1/cmr/m/n/12 Boton que pre-
 []

File: Imagenes//escudo.PNG Graphic file (type png)
<use Imagenes//escudo.PNG>
Package pdftex.def Info: Imagenes//escudo.PNG  used on input line 125.
(pdftex.def)             Requested size: 194.82442pt x 33.72539pt.

Package fancyhdr Warning: \headheight is too small (30.0pt): 
(fancyhdr)                Make it at least 38.07542pt, for example:
(fancyhdr)                \setlength{\headheight}{38.07542pt}.
(fancyhdr)                You might also make \topmargin smaller to compensate:
(fancyhdr)                \addtolength{\topmargin}{-8.07542pt}.

File: Imagenes//año.PNG Graphic file (type png)
<use Imagenes//año.PNG>
Package pdftex.def Info: Imagenes//año.PNG  used on input line 125.
(pdftex.def)             Requested size: 64.13847pt x 20.175pt.
[6]
File: Imagenes//escudo.PNG Graphic file (type png)
<use Imagenes//escudo.PNG>
Package pdftex.def Info: Imagenes//escudo.PNG  used on input line 140.
(pdftex.def)             Requested size: 194.82442pt x 33.72539pt.


Package fancyhdr Warning: \headheight is too small (30.0pt): 
(fancyhdr)                Make it at least 38.07542pt, for example:
(fancyhdr)                \setlength{\headheight}{38.07542pt}.
(fancyhdr)                You might also make \topmargin smaller to compensate:
(fancyhdr)                \addtolength{\topmargin}{-8.07542pt}.

File: Imagenes//año.PNG Graphic file (type png)
<use Imagenes//año.PNG>
Package pdftex.def Info: Imagenes//año.PNG  used on input line 140.
(pdftex.def)             Requested size: 64.13847pt x 20.175pt.
[7]
<Imagenes//trimming1.png, id=37, 906.2658pt x 340.3917pt>
File: Imagenes//trimming1.png Graphic file (type png)
<use Imagenes//trimming1.png>
Package pdftex.def Info: Imagenes//trimming1.png  used on input line 143.
(pdftex.def)             Requested size: 364.19667pt x 136.7931pt.
<Imagenes//trimming2.png, id=38, 906.2658pt x 340.3917pt>
File: Imagenes//trimming2.png Graphic file (type png)
<use Imagenes//trimming2.png>
Package pdftex.def Info: Imagenes//trimming2.png  used on input line 152.
(pdftex.def)             Requested size: 364.19667pt x 136.7931pt.
File: Imagenes//escudo.PNG Graphic file (type png)
<use Imagenes//escudo.PNG>
Package pdftex.def Info: Imagenes//escudo.PNG  used on input line 158.
(pdftex.def)             Requested size: 194.82442pt x 33.72539pt.


Package fancyhdr Warning: \headheight is too small (30.0pt): 
(fancyhdr)                Make it at least 38.07542pt, for example:
(fancyhdr)                \setlength{\headheight}{38.07542pt}.
(fancyhdr)                You might also make \topmargin smaller to compensate:
(fancyhdr)                \addtolength{\topmargin}{-8.07542pt}.

File: Imagenes//año.PNG Graphic file (type png)
<use Imagenes//año.PNG>
Package pdftex.def Info: Imagenes//año.PNG  used on input line 158.
(pdftex.def)             Requested size: 64.13847pt x 20.175pt.
[8 <./Imagenes//trimming1.png> <./Imagenes//trimming2.png>]
<Imagenes//trimming3.png, id=44, 906.2658pt x 340.3917pt>
File: Imagenes//trimming3.png Graphic file (type png)
<use Imagenes//trimming3.png>
Package pdftex.def Info: Imagenes//trimming3.png  used on input line 161.
(pdftex.def)             Requested size: 364.19667pt x 136.7931pt.
<Imagenes//trimming4.png, id=45, 906.2658pt x 340.3917pt>
File: Imagenes//trimming4.png Graphic file (type png)
<use Imagenes//trimming4.png>
Package pdftex.def Info: Imagenes//trimming4.png  used on input line 171.
(pdftex.def)             Requested size: 364.19667pt x 136.7931pt.
File: Imagenes//escudo.PNG Graphic file (type png)
<use Imagenes//escudo.PNG>
Package pdftex.def Info: Imagenes//escudo.PNG  used on input line 180.
(pdftex.def)             Requested size: 194.82442pt x 33.72539pt.


Package fancyhdr Warning: \headheight is too small (30.0pt): 
(fancyhdr)                Make it at least 38.07542pt, for example:
(fancyhdr)                \setlength{\headheight}{38.07542pt}.
(fancyhdr)                You might also make \topmargin smaller to compensate:
(fancyhdr)                \addtolength{\topmargin}{-8.07542pt}.

File: Imagenes//año.PNG Graphic file (type png)
<use Imagenes//año.PNG>
Package pdftex.def Info: Imagenes//año.PNG  used on input line 180.
(pdftex.def)             Requested size: 64.13847pt x 20.175pt.
[9 <./Imagenes//trimming3.png> <./Imagenes//trimming4.png>]
LaTeX Font Info:    Trying to load font information for OML+cmr on input line 183.
 (C:\Users\Juan\AppData\Local\Programs\MiKTeX\tex/latex/base\omlcmr.fd
File: omlcmr.fd 2019/12/16 v2.5j Standard LaTeX font definitions
)
LaTeX Font Info:    Font shape `OML/cmr/m/n' in size <12> not available
(Font)              Font shape `OML/cmm/m/it' tried instead on input line 183.
<Imagenes//BER1.png, id=52, 409.7709pt x 312.2064pt>
File: Imagenes//BER1.png Graphic file (type png)
<use Imagenes//BER1.png>
Package pdftex.def Info: Imagenes//BER1.png  used on input line 198.
(pdftex.def)             Requested size: 182.09833pt x 138.73846pt.
<Imagenes//BER2.png, id=53, 409.7709pt x 312.2064pt>
File: Imagenes//BER2.png Graphic file (type png)
<use Imagenes//BER2.png>
Package pdftex.def Info: Imagenes//BER2.png  used on input line 204.
(pdftex.def)             Requested size: 182.09833pt x 138.73846pt.
<Imagenes//BER3.png, id=54, 409.7709pt x 312.2064pt>
File: Imagenes//BER3.png Graphic file (type png)
<use Imagenes//BER3.png>
Package pdftex.def Info: Imagenes//BER3.png  used on input line 212.
(pdftex.def)             Requested size: 182.09833pt x 138.73846pt.
<Imagenes//BER4.png, id=55, 409.7709pt x 312.2064pt>
File: Imagenes//BER4.png Graphic file (type png)
<use Imagenes//BER4.png>
Package pdftex.def Info: Imagenes//BER4.png  used on input line 218.
(pdftex.def)             Requested size: 182.09833pt x 138.73846pt.
<Imagenes//BER5.png, id=56, 416.2752pt x 312.2064pt>
File: Imagenes//BER5.png Graphic file (type png)
<use Imagenes//BER5.png>
Package pdftex.def Info: Imagenes//BER5.png  used on input line 226.
(pdftex.def)             Requested size: 182.09833pt x 136.57567pt.
<Imagenes//BER6.png, id=57, 409.7709pt x 314.3745pt>
File: Imagenes//BER6.png Graphic file (type png)
<use Imagenes//BER6.png>
Package pdftex.def Info: Imagenes//BER6.png  used on input line 232.
(pdftex.def)             Requested size: 182.09833pt x 139.70192pt.
File: Imagenes//escudo.PNG Graphic file (type png)
<use Imagenes//escudo.PNG>
Package pdftex.def Info: Imagenes//escudo.PNG  used on input line 241.
(pdftex.def)             Requested size: 194.82442pt x 33.72539pt.


Package fancyhdr Warning: \headheight is too small (30.0pt): 
(fancyhdr)                Make it at least 38.07542pt, for example:
(fancyhdr)                \setlength{\headheight}{38.07542pt}.
(fancyhdr)                You might also make \topmargin smaller to compensate:
(fancyhdr)                \addtolength{\topmargin}{-8.07542pt}.

File: Imagenes//año.PNG Graphic file (type png)
<use Imagenes//año.PNG>
Package pdftex.def Info: Imagenes//año.PNG  used on input line 241.
(pdftex.def)             Requested size: 64.13847pt x 20.175pt.
[10]
File: Imagenes//escudo.PNG Graphic file (type png)
<use Imagenes//escudo.PNG>
Package pdftex.def Info: Imagenes//escudo.PNG  used on input line 241.
(pdftex.def)             Requested size: 194.82442pt x 33.72539pt.


Package fancyhdr Warning: \headheight is too small (30.0pt): 
(fancyhdr)                Make it at least 38.07542pt, for example:
(fancyhdr)                \setlength{\headheight}{38.07542pt}.
(fancyhdr)                You might also make \topmargin smaller to compensate:
(fancyhdr)                \addtolength{\topmargin}{-8.07542pt}.

File: Imagenes//año.PNG Graphic file (type png)
<use Imagenes//año.PNG>
Package pdftex.def Info: Imagenes//año.PNG  used on input line 241.
(pdftex.def)             Requested size: 64.13847pt x 20.175pt.
[11 <./Imagenes//BER1.png> <./Imagenes//BER2.png> <./Imagenes//BER3.png> <./Imagenes//BER4.png> <./Imagenes//BER5.png> <./Imagenes//BER6.png>]
<Imagenes//ZCR1.png, id=70, 409.7709pt x 312.2064pt>
File: Imagenes//ZCR1.png Graphic file (type png)
<use Imagenes//ZCR1.png>
Package pdftex.def Info: Imagenes//ZCR1.png  used on input line 244.
(pdftex.def)             Requested size: 182.09486pt x 138.73846pt.
<Imagenes//ZCR2.png, id=71, 409.7709pt x 312.2064pt>
File: Imagenes//ZCR2.png Graphic file (type png)
<use Imagenes//ZCR2.png>
Package pdftex.def Info: Imagenes//ZCR2.png  used on input line 251.
(pdftex.def)             Requested size: 182.09486pt x 138.73846pt.
<Imagenes//ZCR3.png, id=72, 409.7709pt x 312.2064pt>
File: Imagenes//ZCR3.png Graphic file (type png)
<use Imagenes//ZCR3.png>
Package pdftex.def Info: Imagenes//ZCR3.png  used on input line 258.
(pdftex.def)             Requested size: 182.09486pt x 138.73846pt.


LaTeX Warning: `h' float specifier changed to `ht'.

<Imagenes//ZCR4.png, id=73, 409.7709pt x 312.2064pt>
File: Imagenes//ZCR4.png Graphic file (type png)
<use Imagenes//ZCR4.png>
Package pdftex.def Info: Imagenes//ZCR4.png  used on input line 265.
(pdftex.def)             Requested size: 182.09486pt x 138.73846pt.
File: Imagenes//escudo.PNG Graphic file (type png)
<use Imagenes//escudo.PNG>
Package pdftex.def Info: Imagenes//escudo.PNG  used on input line 269.
(pdftex.def)             Requested size: 194.82442pt x 33.72539pt.

Package fancyhdr Warning: \headheight is too small (30.0pt): 
(fancyhdr)                Make it at least 38.07542pt, for example:
(fancyhdr)                \setlength{\headheight}{38.07542pt}.
(fancyhdr)                You might also make \topmargin smaller to compensate:
(fancyhdr)                \addtolength{\topmargin}{-8.07542pt}.

File: Imagenes//año.PNG Graphic file (type png)
<use Imagenes//año.PNG>
Package pdftex.def Info: Imagenes//año.PNG  used on input line 269.
(pdftex.def)             Requested size: 64.13847pt x 20.175pt.
[12 <./Imagenes//ZCR1.png> <./Imagenes//ZCR2.png>]
<Imagenes//ZCR5.png, id=80, 416.2752pt x 312.2064pt>
File: Imagenes//ZCR5.png Graphic file (type png)
<use Imagenes//ZCR5.png>
Package pdftex.def Info: Imagenes//ZCR5.png  used on input line 272.
(pdftex.def)             Requested size: 182.09486pt x 136.5709pt.
File: Imagenes//escudo.PNG Graphic file (type png)
<use Imagenes//escudo.PNG>
Package pdftex.def Info: Imagenes//escudo.PNG  used on input line 279.
(pdftex.def)             Requested size: 194.82442pt x 33.72539pt.


Package fancyhdr Warning: \headheight is too small (30.0pt): 
(fancyhdr)                Make it at least 38.07542pt, for example:
(fancyhdr)                \setlength{\headheight}{38.07542pt}.
(fancyhdr)                You might also make \topmargin smaller to compensate:
(fancyhdr)                \addtolength{\topmargin}{-8.07542pt}.

File: Imagenes//año.PNG Graphic file (type png)
<use Imagenes//año.PNG>
Package pdftex.def Info: Imagenes//año.PNG  used on input line 279.
(pdftex.def)             Requested size: 64.13847pt x 20.175pt.
[13 <./Imagenes//ZCR3.png> <./Imagenes//ZCR4.png> <./Imagenes//ZCR5.png>]
<Imagenes//SRO1.png, id=87, 409.7709pt x 315.8199pt>
File: Imagenes//SRO1.png Graphic file (type png)
<use Imagenes//SRO1.png>
Package pdftex.def Info: Imagenes//SRO1.png  used on input line 282.
(pdftex.def)             Requested size: 182.09486pt x 140.34424pt.
<Imagenes//SRO2.png, id=88, 425.6703pt x 313.6518pt>
File: Imagenes//SRO2.png Graphic file (type png)
<use Imagenes//SRO2.png>
Package pdftex.def Info: Imagenes//SRO2.png  used on input line 289.
(pdftex.def)             Requested size: 182.09486pt x 134.17845pt.
<Imagenes//SRO3.png, id=89, 416.2752pt x 312.2064pt>
File: Imagenes//SRO3.png Graphic file (type png)
<use Imagenes//SRO3.png>
Package pdftex.def Info: Imagenes//SRO3.png  used on input line 296.
(pdftex.def)             Requested size: 182.09486pt x 136.5709pt.


LaTeX Warning: `h' float specifier changed to `ht'.

<Imagenes//MFCCS1.png, id=90, 414.8298pt x 312.2064pt>
File: Imagenes//MFCCS1.png Graphic file (type png)
<use Imagenes//MFCCS1.png>
Package pdftex.def Info: Imagenes//MFCCS1.png  used on input line 306.
(pdftex.def)             Requested size: 182.09486pt x 137.04253pt.
File: Imagenes//escudo.PNG Graphic file (type png)
<use Imagenes//escudo.PNG>
Package pdftex.def Info: Imagenes//escudo.PNG  used on input line 310.
(pdftex.def)             Requested size: 194.82442pt x 33.72539pt.

Package fancyhdr Warning: \headheight is too small (30.0pt): 
(fancyhdr)                Make it at least 38.07542pt, for example:
(fancyhdr)                \setlength{\headheight}{38.07542pt}.
(fancyhdr)                You might also make \topmargin smaller to compensate:
(fancyhdr)                \addtolength{\topmargin}{-8.07542pt}.

File: Imagenes//año.PNG Graphic file (type png)
<use Imagenes//año.PNG>
Package pdftex.def Info: Imagenes//año.PNG  used on input line 310.
(pdftex.def)             Requested size: 64.13847pt x 20.175pt.
[14 <./Imagenes//SRO1.png> <./Imagenes//SRO2.png>]
<Imagenes//MFCCS3.png, id=97, 416.2752pt x 313.6518pt>
File: Imagenes//MFCCS3.png Graphic file (type png)
<use Imagenes//MFCCS3.png>
Package pdftex.def Info: Imagenes//MFCCS3.png  used on input line 313.
(pdftex.def)             Requested size: 182.09486pt x 137.20317pt.
<Imagenes//ENVELOPE.png, id=98, 409.7709pt x 312.2064pt>
File: Imagenes//ENVELOPE.png Graphic file (type png)
<use Imagenes//ENVELOPE.png>
Package pdftex.def Info: Imagenes//ENVELOPE.png  used on input line 321.
(pdftex.def)             Requested size: 182.09486pt x 138.73846pt.
File: Imagenes//escudo.PNG Graphic file (type png)
<use Imagenes//escudo.PNG>
Package pdftex.def Info: Imagenes//escudo.PNG  used on input line 325.
(pdftex.def)             Requested size: 194.82442pt x 33.72539pt.


Package fancyhdr Warning: \headheight is too small (30.0pt): 
(fancyhdr)                Make it at least 38.07542pt, for example:
(fancyhdr)                \setlength{\headheight}{38.07542pt}.
(fancyhdr)                You might also make \topmargin smaller to compensate:
(fancyhdr)                \addtolength{\topmargin}{-8.07542pt}.

File: Imagenes//año.PNG Graphic file (type png)
<use Imagenes//año.PNG>
Package pdftex.def Info: Imagenes//año.PNG  used on input line 325.
(pdftex.def)             Requested size: 64.13847pt x 20.175pt.
[15 <./Imagenes//SRO3.png> <./Imagenes//MFCCS1.png> <./Imagenes//MFCCS3.png>]
<Imagenes//GRUPOS1.png, id=105, 291.2481pt x 283.2984pt>
File: Imagenes//GRUPOS1.png Graphic file (type png)
<use Imagenes//GRUPOS1.png>
Package pdftex.def Info: Imagenes//GRUPOS1.png  used on input line 332.
(pdftex.def)             Requested size: 273.14923pt x 265.71695pt.
<Imagenes//GRUPOS2.png, id=106, 402.00188pt x 304.88907pt>
File: Imagenes//GRUPOS2.png Graphic file (type png)
<use Imagenes//GRUPOS2.png>
Package pdftex.def Info: Imagenes//GRUPOS2.png  used on input line 338.
(pdftex.def)             Requested size: 273.14923pt x 207.16364pt.
File: Imagenes//escudo.PNG Graphic file (type png)
<use Imagenes//escudo.PNG>
Package pdftex.def Info: Imagenes//escudo.PNG  used on input line 342.
(pdftex.def)             Requested size: 194.82442pt x 33.72539pt.


Package fancyhdr Warning: \headheight is too small (30.0pt): 
(fancyhdr)                Make it at least 38.07542pt, for example:
(fancyhdr)                \setlength{\headheight}{38.07542pt}.
(fancyhdr)                You might also make \topmargin smaller to compensate:
(fancyhdr)                \addtolength{\topmargin}{-8.07542pt}.

File: Imagenes//año.PNG Graphic file (type png)
<use Imagenes//año.PNG>
Package pdftex.def Info: Imagenes//año.PNG  used on input line 342.
(pdftex.def)             Requested size: 64.13847pt x 20.175pt.
[16 <./Imagenes//ENVELOPE.png>]
File: Imagenes//escudo.PNG Graphic file (type png)
<use Imagenes//escudo.PNG>
Package pdftex.def Info: Imagenes//escudo.PNG  used on input line 342.
(pdftex.def)             Requested size: 194.82442pt x 33.72539pt.


Package fancyhdr Warning: \headheight is too small (30.0pt): 
(fancyhdr)                Make it at least 38.07542pt, for example:
(fancyhdr)                \setlength{\headheight}{38.07542pt}.
(fancyhdr)                You might also make \topmargin smaller to compensate:
(fancyhdr)                \addtolength{\topmargin}{-8.07542pt}.

File: Imagenes//año.PNG Graphic file (type png)
<use Imagenes//año.PNG>
Package pdftex.def Info: Imagenes//año.PNG  used on input line 342.
(pdftex.def)             Requested size: 64.13847pt x 20.175pt.
[17 <./Imagenes//GRUPOS1.png> <./Imagenes//GRUPOS2.png>]
<Imagenes//SOBEL.png, id=116, 600.5637pt x 157.5486pt>
File: Imagenes//SOBEL.png Graphic file (type png)
<use Imagenes//SOBEL.png>
Package pdftex.def Info: Imagenes//SOBEL.png  used on input line 351.
(pdftex.def)             Requested size: 273.14923pt x 71.65826pt.
<Imagenes//MASCARAS.png, id=117, 599.841pt x 98.2872pt>
File: Imagenes//MASCARAS.png Graphic file (type png)
<use Imagenes//MASCARAS.png>
Package pdftex.def Info: Imagenes//MASCARAS.png  used on input line 361.
(pdftex.def)             Requested size: 455.24411pt x 74.59705pt.
File: Imagenes//escudo.PNG Graphic file (type png)
<use Imagenes//escudo.PNG>
Package pdftex.def Info: Imagenes//escudo.PNG  used on input line 367.
(pdftex.def)             Requested size: 194.82442pt x 33.72539pt.


Package fancyhdr Warning: \headheight is too small (30.0pt): 
(fancyhdr)                Make it at least 38.07542pt, for example:
(fancyhdr)                \setlength{\headheight}{38.07542pt}.
(fancyhdr)                You might also make \topmargin smaller to compensate:
(fancyhdr)                \addtolength{\topmargin}{-8.07542pt}.

File: Imagenes//año.PNG Graphic file (type png)
<use Imagenes//año.PNG>
Package pdftex.def Info: Imagenes//año.PNG  used on input line 367.
(pdftex.def)             Requested size: 64.13847pt x 20.175pt.
[18 <./Imagenes//SOBEL.png>]
<Imagenes//CONTORNOS.png, id=123, 599.841pt x 98.2872pt>
File: Imagenes//CONTORNOS.png Graphic file (type png)
<use Imagenes//CONTORNOS.png>
Package pdftex.def Info: Imagenes//CONTORNOS.png  used on input line 370.
(pdftex.def)             Requested size: 455.24411pt x 74.59705pt.

Overfull \hbox (4.66362pt too wide) in paragraph at lines 375--376
[]\OT1/cmr/m/n/12 Por esos mo-tivos, fi-nal-mente se de-cidio uti-lizar so-la-mente fon-dos blan-cos en las imagenes
 []

File: Imagenes//escudo.PNG Graphic file (type png)
<use Imagenes//escudo.PNG>
Package pdftex.def Info: Imagenes//escudo.PNG  used on input line 380.
(pdftex.def)             Requested size: 194.82442pt x 33.72539pt.

Package fancyhdr Warning: \headheight is too small (30.0pt): 
(fancyhdr)                Make it at least 38.07542pt, for example:
(fancyhdr)                \setlength{\headheight}{38.07542pt}.
(fancyhdr)                You might also make \topmargin smaller to compensate:
(fancyhdr)                \addtolength{\topmargin}{-8.07542pt}.

File: Imagenes//año.PNG Graphic file (type png)
<use Imagenes//año.PNG>
Package pdftex.def Info: Imagenes//año.PNG  used on input line 380.
(pdftex.def)             Requested size: 64.13847pt x 20.175pt.
[19 <./Imagenes//MASCARAS.png> <./Imagenes//CONTORNOS.png>]
<Imagenes//imagen_mascara.jpeg, id=129, 1606.0pt x 903.375pt>
File: Imagenes//imagen_mascara.jpeg Graphic file (type jpg)
<use Imagenes//imagen_mascara.jpeg>
Package pdftex.def Info: Imagenes//imagen_mascara.jpeg  used on input line 385.
(pdftex.def)             Requested size: 182.09833pt x 102.4179pt.
<Imagenes//mascara_mascara.jpeg, id=130, 1606.0pt x 903.375pt>
File: Imagenes//mascara_mascara.jpeg Graphic file (type jpg)
<use Imagenes//mascara_mascara.jpeg>
Package pdftex.def Info: Imagenes//mascara_mascara.jpeg  used on input line 391.
(pdftex.def)             Requested size: 182.09833pt x 102.4179pt.
<Imagenes//cluster0.png, id=131, 554.3109pt x 604.1772pt>
File: Imagenes//cluster0.png Graphic file (type png)
<use Imagenes//cluster0.png>
Package pdftex.def Info: Imagenes//cluster0.png  used on input line 413.
(pdftex.def)             Requested size: 182.09833pt x 198.47563pt.
<Imagenes//cluster1.png, id=132, 583.9416pt x 604.1772pt>
File: Imagenes//cluster1.png Graphic file (type png)
<use Imagenes//cluster1.png>
Package pdftex.def Info: Imagenes//cluster1.png  used on input line 419.
(pdftex.def)             Requested size: 182.09833pt x 188.4085pt.
<Imagenes//cluster2.png, id=133, 562.2606pt x 604.1772pt>
File: Imagenes//cluster2.png Graphic file (type png)
<use Imagenes//cluster2.png>
Package pdftex.def Info: Imagenes//cluster2.png  used on input line 427.
(pdftex.def)             Requested size: 182.09833pt x 195.67305pt.
<Imagenes//cluster3.png, id=134, 571.6557pt x 604.1772pt>
File: Imagenes//cluster3.png Graphic file (type png)
<use Imagenes//cluster3.png>
Package pdftex.def Info: Imagenes//cluster3.png  used on input line 433.
(pdftex.def)             Requested size: 182.09833pt x 192.45563pt.
File: Imagenes//escudo.PNG Graphic file (type png)
<use Imagenes//escudo.PNG>
Package pdftex.def Info: Imagenes//escudo.PNG  used on input line 438.
(pdftex.def)             Requested size: 194.82442pt x 33.72539pt.


Package fancyhdr Warning: \headheight is too small (30.0pt): 
(fancyhdr)                Make it at least 38.07542pt, for example:
(fancyhdr)                \setlength{\headheight}{38.07542pt}.
(fancyhdr)                You might also make \topmargin smaller to compensate:
(fancyhdr)                \addtolength{\topmargin}{-8.07542pt}.

File: Imagenes//año.PNG Graphic file (type png)
<use Imagenes//año.PNG>
Package pdftex.def Info: Imagenes//año.PNG  used on input line 438.
(pdftex.def)             Requested size: 64.13847pt x 20.175pt.
[20 <./Imagenes//imagen_mascara.jpeg> <./Imagenes//mascara_mascara.jpeg>]
File: Imagenes//escudo.PNG Graphic file (type png)
<use Imagenes//escudo.PNG>
Package pdftex.def Info: Imagenes//escudo.PNG  used on input line 442.
(pdftex.def)             Requested size: 194.82442pt x 33.72539pt.


Package fancyhdr Warning: \headheight is too small (30.0pt): 
(fancyhdr)                Make it at least 38.07542pt, for example:
(fancyhdr)                \setlength{\headheight}{38.07542pt}.
(fancyhdr)                You might also make \topmargin smaller to compensate:
(fancyhdr)                \addtolength{\topmargin}{-8.07542pt}.

File: Imagenes//año.PNG Graphic file (type png)
<use Imagenes//año.PNG>
Package pdftex.def Info: Imagenes//año.PNG  used on input line 442.
(pdftex.def)             Requested size: 64.13847pt x 20.175pt.
[21 <./Imagenes//cluster0.png> <./Imagenes//cluster1.png> <./Imagenes//cluster2.png> <./Imagenes//cluster3.png>]
Overfull \hbox (12.18256pt too wide) in paragraph at lines 447--448
\OT1/cmr/m/n/12 namiento y en-trena al clasi-fi-cador. Los datos se guardan en el archivo \OT1/cmtt/m/n/12 "training[]data.pkl"\OT1/cmr/m/n/12 ,
 []

<Imagenes//ENTRENAMIENTO_AUDIO.PNG, id=145, 381.67593pt x 38.39343pt>
File: Imagenes//ENTRENAMIENTO_AUDIO.PNG Graphic file (type png)
<use Imagenes//ENTRENAMIENTO_AUDIO.PNG>
Package pdftex.def Info: Imagenes//ENTRENAMIENTO_AUDIO.PNG  used on input line 458.
(pdftex.def)             Requested size: 455.24411pt x 45.79594pt.
<Imagenes//ENTRENAMIENTO_AUDIO1.PNG, id=146, 606.76688pt x 363.60844pt>
File: Imagenes//ENTRENAMIENTO_AUDIO1.PNG Graphic file (type png)
<use Imagenes//ENTRENAMIENTO_AUDIO1.PNG>
Package pdftex.def Info: Imagenes//ENTRENAMIENTO_AUDIO1.PNG  used on input line 464.
(pdftex.def)             Requested size: 455.24411pt x 272.81107pt.
File: Imagenes//escudo.PNG Graphic file (type png)
<use Imagenes//escudo.PNG>
Package pdftex.def Info: Imagenes//escudo.PNG  used on input line 468.
(pdftex.def)             Requested size: 194.82442pt x 33.72539pt.

Package fancyhdr Warning: \headheight is too small (30.0pt): 
(fancyhdr)                Make it at least 38.07542pt, for example:
(fancyhdr)                \setlength{\headheight}{38.07542pt}.
(fancyhdr)                You might also make \topmargin smaller to compensate:
(fancyhdr)                \addtolength{\topmargin}{-8.07542pt}.

File: Imagenes//año.PNG Graphic file (type png)
<use Imagenes//año.PNG>
Package pdftex.def Info: Imagenes//año.PNG  used on input line 468.
(pdftex.def)             Requested size: 64.13847pt x 20.175pt.
[22]
<Imagenes//ENTRENAMIENTO_IMAGEN.PNG, id=150, 819.8128pt x 439.6425pt>
File: Imagenes//ENTRENAMIENTO_IMAGEN.PNG Graphic file (type png)
<use Imagenes//ENTRENAMIENTO_IMAGEN.PNG>
Package pdftex.def Info: Imagenes//ENTRENAMIENTO_IMAGEN.PNG  used on input line 473.
(pdftex.def)             Requested size: 455.24411pt x 244.13864pt.
<Imagenes//VALIDACION_AUDIO.PNG, id=151, 679.78969pt x 398.23781pt>
File: Imagenes//VALIDACION_AUDIO.PNG Graphic file (type png)
<use Imagenes//VALIDACION_AUDIO.PNG>
Package pdftex.def Info: Imagenes//VALIDACION_AUDIO.PNG  used on input line 485.
(pdftex.def)             Requested size: 455.24411pt x 266.69034pt.
<Imagenes//VALIDACION_AUDIO1.PNG, id=152, 653.44125pt x 117.43875pt>
File: Imagenes//VALIDACION_AUDIO1.PNG Graphic file (type png)
<use Imagenes//VALIDACION_AUDIO1.PNG>
Package pdftex.def Info: Imagenes//VALIDACION_AUDIO1.PNG  used on input line 491.
(pdftex.def)             Requested size: 455.24411pt x 81.81769pt.
File: Imagenes//escudo.PNG Graphic file (type png)
<use Imagenes//escudo.PNG>
Package pdftex.def Info: Imagenes//escudo.PNG  used on input line 495.
(pdftex.def)             Requested size: 194.82442pt x 33.72539pt.


Package fancyhdr Warning: \headheight is too small (30.0pt): 
(fancyhdr)                Make it at least 38.07542pt, for example:
(fancyhdr)                \setlength{\headheight}{38.07542pt}.
(fancyhdr)                You might also make \topmargin smaller to compensate:
(fancyhdr)                \addtolength{\topmargin}{-8.07542pt}.

File: Imagenes//año.PNG Graphic file (type png)
<use Imagenes//año.PNG>
Package pdftex.def Info: Imagenes//año.PNG  used on input line 495.
(pdftex.def)             Requested size: 64.13847pt x 20.175pt.
[23 <./Imagenes//ENTRENAMIENTO_AUDIO.PNG> <./Imagenes//ENTRENAMIENTO_AUDIO1.PNG>]
<Imagenes//VALIDACION_IMAGEN.PNG, id=158, 608.2725pt x 423.08063pt>
File: Imagenes//VALIDACION_IMAGEN.PNG Graphic file (type png)
<use Imagenes//VALIDACION_IMAGEN.PNG>
Package pdftex.def Info: Imagenes//VALIDACION_IMAGEN.PNG  used on input line 500.
(pdftex.def)             Requested size: 455.24411pt x 316.6512pt.
<Imagenes//SOLUCION_ETAPAS.PNG, id=159, 424.58624pt x 57.21375pt>
File: Imagenes//SOLUCION_ETAPAS.PNG Graphic file (type png)
<use Imagenes//SOLUCION_ETAPAS.PNG>
Package pdftex.def Info: Imagenes//SOLUCION_ETAPAS.PNG  used on input line 522.
(pdftex.def)             Requested size: 455.24411pt x 61.34816pt.
<Imagenes//SOLUCION_PROMPT.PNG, id=160, 440.39531pt x 81.30376pt>
File: Imagenes//SOLUCION_PROMPT.PNG Graphic file (type png)
<use Imagenes//SOLUCION_PROMPT.PNG>
Package pdftex.def Info: Imagenes//SOLUCION_PROMPT.PNG  used on input line 529.
(pdftex.def)             Requested size: 455.24411pt x 84.04773pt.
<Imagenes//GRABACION.PNG, id=161, 325.96782pt x 60.97781pt>
File: Imagenes//GRABACION.PNG Graphic file (type png)
<use Imagenes//GRABACION.PNG>
Package pdftex.def Info: Imagenes//GRABACION.PNG  used on input line 536.
(pdftex.def)             Requested size: 364.19667pt x 68.13463pt.
<Imagenes//MENSAJE_SOLUCION.PNG, id=162, 439.6425pt x 94.10156pt>
File: Imagenes//MENSAJE_SOLUCION.PNG Graphic file (type png)
<use Imagenes//MENSAJE_SOLUCION.PNG>
Package pdftex.def Info: Imagenes//MENSAJE_SOLUCION.PNG  used on input line 543.
(pdftex.def)             Requested size: 455.24411pt x 97.44402pt.
<Imagenes//ESTANTES.png, id=163, 984.3174pt x 361.35pt>
File: Imagenes//ESTANTES.png Graphic file (type png)
<use Imagenes//ESTANTES.png>
Package pdftex.def Info: Imagenes//ESTANTES.png  used on input line 549.
(pdftex.def)             Requested size: 455.24411pt x 167.12175pt.
File: Imagenes//escudo.PNG Graphic file (type png)
<use Imagenes//escudo.PNG>
Package pdftex.def Info: Imagenes//escudo.PNG  used on input line 553.
(pdftex.def)             Requested size: 194.82442pt x 33.72539pt.


Package fancyhdr Warning: \headheight is too small (30.0pt): 
(fancyhdr)                Make it at least 38.07542pt, for example:
(fancyhdr)                \setlength{\headheight}{38.07542pt}.
(fancyhdr)                You might also make \topmargin smaller to compensate:
(fancyhdr)                \addtolength{\topmargin}{-8.07542pt}.

File: Imagenes//año.PNG Graphic file (type png)
<use Imagenes//año.PNG>
Package pdftex.def Info: Imagenes//año.PNG  used on input line 553.
(pdftex.def)             Requested size: 64.13847pt x 20.175pt.
[24 <./Imagenes//ENTRENAMIENTO_IMAGEN.PNG>]
File: Imagenes//escudo.PNG Graphic file (type png)
<use Imagenes//escudo.PNG>
Package pdftex.def Info: Imagenes//escudo.PNG  used on input line 553.
(pdftex.def)             Requested size: 194.82442pt x 33.72539pt.


Package fancyhdr Warning: \headheight is too small (30.0pt): 
(fancyhdr)                Make it at least 38.07542pt, for example:
(fancyhdr)                \setlength{\headheight}{38.07542pt}.
(fancyhdr)                You might also make \topmargin smaller to compensate:
(fancyhdr)                \addtolength{\topmargin}{-8.07542pt}.

File: Imagenes//año.PNG Graphic file (type png)
<use Imagenes//año.PNG>
Package pdftex.def Info: Imagenes//año.PNG  used on input line 553.
(pdftex.def)             Requested size: 64.13847pt x 20.175pt.
[25 <./Imagenes//VALIDACION_AUDIO.PNG> <./Imagenes//VALIDACION_AUDIO1.PNG>]
File: Imagenes//escudo.PNG Graphic file (type png)
<use Imagenes//escudo.PNG>
Package pdftex.def Info: Imagenes//escudo.PNG  used on input line 553.
(pdftex.def)             Requested size: 194.82442pt x 33.72539pt.


Package fancyhdr Warning: \headheight is too small (30.0pt): 
(fancyhdr)                Make it at least 38.07542pt, for example:
(fancyhdr)                \setlength{\headheight}{38.07542pt}.
(fancyhdr)                You might also make \topmargin smaller to compensate:
(fancyhdr)                \addtolength{\topmargin}{-8.07542pt}.

File: Imagenes//año.PNG Graphic file (type png)
<use Imagenes//año.PNG>
Package pdftex.def Info: Imagenes//año.PNG  used on input line 553.
(pdftex.def)             Requested size: 64.13847pt x 20.175pt.
[26 <./Imagenes//VALIDACION_IMAGEN.PNG> <./Imagenes//SOLUCION_ETAPAS.PNG> <./Imagenes//SOLUCION_PROMPT.PNG> <./Imagenes//GRABACION.PNG>]
File: Imagenes//escudo.PNG Graphic file (type png)
<use Imagenes//escudo.PNG>
Package pdftex.def Info: Imagenes//escudo.PNG  used on input line 565.
(pdftex.def)             Requested size: 194.82442pt x 33.72539pt.


Package fancyhdr Warning: \headheight is too small (30.0pt): 
(fancyhdr)                Make it at least 38.07542pt, for example:
(fancyhdr)                \setlength{\headheight}{38.07542pt}.
(fancyhdr)                You might also make \topmargin smaller to compensate:
(fancyhdr)                \addtolength{\topmargin}{-8.07542pt}.

File: Imagenes//año.PNG Graphic file (type png)
<use Imagenes//año.PNG>
Package pdftex.def Info: Imagenes//año.PNG  used on input line 565.
(pdftex.def)             Requested size: 64.13847pt x 20.175pt.
[27 <./Imagenes//MENSAJE_SOLUCION.PNG> <./Imagenes//ESTANTES.png>]
<Imagenes//VALIDACION_IMAGEN_RESULTADOS.png, id=186, 565.1514pt x 604.1772pt>
File: Imagenes//VALIDACION_IMAGEN_RESULTADOS.png Graphic file (type png)
<use Imagenes//VALIDACION_IMAGEN_RESULTADOS.png>
Package pdftex.def Info: Imagenes//VALIDACION_IMAGEN_RESULTADOS.png  used on input line 572.
(pdftex.def)             Requested size: 455.24411pt x 486.69812pt.
File: Imagenes//escudo.PNG Graphic file (type png)
<use Imagenes//escudo.PNG>
Package pdftex.def Info: Imagenes//escudo.PNG  used on input line 590.
(pdftex.def)             Requested size: 194.82442pt x 33.72539pt.


Package fancyhdr Warning: \headheight is too small (30.0pt): 
(fancyhdr)                Make it at least 38.07542pt, for example:
(fancyhdr)                \setlength{\headheight}{38.07542pt}.
(fancyhdr)                You might also make \topmargin smaller to compensate:
(fancyhdr)                \addtolength{\topmargin}{-8.07542pt}.

File: Imagenes//año.PNG Graphic file (type png)
<use Imagenes//año.PNG>
Package pdftex.def Info: Imagenes//año.PNG  used on input line 590.
(pdftex.def)             Requested size: 64.13847pt x 20.175pt.
[28]
File: Imagenes//escudo.PNG Graphic file (type png)
<use Imagenes//escudo.PNG>
Package pdftex.def Info: Imagenes//escudo.PNG  used on input line 590.
(pdftex.def)             Requested size: 194.82442pt x 33.72539pt.


Package fancyhdr Warning: \headheight is too small (30.0pt): 
(fancyhdr)                Make it at least 38.07542pt, for example:
(fancyhdr)                \setlength{\headheight}{38.07542pt}.
(fancyhdr)                You might also make \topmargin smaller to compensate:
(fancyhdr)                \addtolength{\topmargin}{-8.07542pt}.

File: Imagenes//año.PNG Graphic file (type png)
<use Imagenes//año.PNG>
Package pdftex.def Info: Imagenes//año.PNG  used on input line 590.
(pdftex.def)             Requested size: 64.13847pt x 20.175pt.
[29 <./Imagenes//VALIDACION_IMAGEN_RESULTADOS.png>]
Overfull \hbox (13.50864pt too wide) in paragraph at lines 592--592
\OT1/cmtt/m/n/12 youtube . com / watch ? v = YdhhiXDQDl4 & list = PLZsOBAyNTZwZrTsptDOKRdSsVO5mU5Qf0 &
 []


Overfull \hbox (1.03127pt too wide) in paragraph at lines 592--592
[]\OT1/cmr/m/n/12 Digital Sreeni. \OT1/cmr/m/it/12 Edge Fil-ters For Im-age Pro-cess-ing\OT1/cmr/m/n/12 . 2020. \OT1/cmr/m/sc/12 url\OT1/cmr/m/n/12 : $\OT1/cmtt/m/n/12 https : / / www . youtube .
 []


Overfull \hbox (1.15863pt too wide) in paragraph at lines 592--592
\OT1/cmtt/m/n/12 com / watch ? v = Oy4duAOGdWQ & list = PLZsOBAyNTZwZrTsptDOKRdSsVO5mU5Qf0 & index =
 []


Overfull \hbox (22.11165pt too wide) in paragraph at lines 592--592
\OT1/cmr/m/sc/12 url\OT1/cmr/m/n/12 : $\OT1/cmtt/m/n/12 https : / / youtube . com / playlist ? list = PL -[] wATfeyAMNqIee7cH3q1bh4QJFAaeNv0 &
 []

File: Imagenes//escudo.PNG Graphic file (type png)
<use Imagenes//escudo.PNG>
Package pdftex.def Info: Imagenes//escudo.PNG  used on input line 594.
(pdftex.def)             Requested size: 194.82442pt x 33.72539pt.

Package fancyhdr Warning: \headheight is too small (30.0pt): 
(fancyhdr)                Make it at least 38.07542pt, for example:
(fancyhdr)                \setlength{\headheight}{38.07542pt}.
(fancyhdr)                You might also make \topmargin smaller to compensate:
(fancyhdr)                \addtolength{\topmargin}{-8.07542pt}.

File: Imagenes//año.PNG Graphic file (type png)
<use Imagenes//año.PNG>
Package pdftex.def Info: Imagenes//año.PNG  used on input line 594.
(pdftex.def)             Requested size: 64.13847pt x 20.175pt.
[30] (main.aux)
Package logreq Info: Writing requests to 'main.run.xml'.
\openout1 = `main.run.xml'.

 ) 
Here is how much of TeX's memory you used:
 10341 strings out of 479321
 195976 string characters out of 2857060
 914347 words of memory out of 3000000
 27661 multiletter control sequences out of 15000+600000
 408838 words of font info for 45 fonts, out of 8000000 for 9000
 1141 hyphenation exceptions out of 8191
 73i,22n,78p,2108b,1256s stack positions out of 5000i,500n,10000p,200000b,80000s
 <C:\Users\Juan\AppData\Local\MiKTeX\fonts/pk/ljfour/jknappen/ec/dpi600\tcrm1200.pk><C:/Users/Juan/AppData/Local/Programs/MiKTeX/fonts/type1/public/amsfonts/cm/cmbx12.pfb><C:/Users/Juan/AppData/Local/Programs/MiKTeX/fonts/type1/public/amsfonts/cm/cmcsc10.pfb><C:/Users/Juan/AppData/Local/Programs/MiKTeX/fonts/type1/public/amsfonts/cm/cmmi12.pfb><C:/Users/Juan/AppData/Local/Programs/MiKTeX/fonts/type1/public/amsfonts/cm/cmr12.pfb><C:/Users/Juan/AppData/Local/Programs/MiKTeX/fonts/type1/public/amsfonts/cm/cmr17.pfb><C:/Users/Juan/AppData/Local/Programs/MiKTeX/fonts/type1/public/amsfonts/cm/cmti12.pfb><C:/Users/Juan/AppData/Local/Programs/MiKTeX/fonts/type1/public/amsfonts/cm/cmtt12.pfb>
Output written on main.pdf (31 pages, 4303029 bytes).
PDF statistics:
 226 PDF objects out of 1000 (max. 8388607)
 0 named destinations out of 1000 (max. 500000)
 231 words of extra memory for PDF output out of 10000 (max. 10000000)

